#
# There is insufficient memory for the Java Runtime Environment to continue.
# Native memory allocation (malloc) failed to allocate 1048576 bytes. Error detail: AllocateHeap
# Possible reasons:
#   The system is out of physical RAM or swap space
#   This process is running with CompressedOops enabled, and the Java Heap may be blocking the growth of the native heap
# Possible solutions:
#   Reduce memory load on the system
#   Increase physical memory or swap space
#   Check if swap backing store is full
#   Decrease Java heap size (-Xmx/-Xms)
#   Decrease number of Java threads
#   Decrease Java thread stack sizes (-Xss)
#   Set larger code cache with -XX:ReservedCodeCacheSize=
#   JVM is running with Unscaled Compressed Oops mode in which the Java heap is
#     placed in the first 4GB address space. The Java Heap base address is the
#     maximum limit for the native heap growth. Please use -XX:HeapBaseMinAddress
#     to set the Java Heap base and to place the Java Heap above 4GB virtual address.
# This output file may be truncated or incomplete.
#
#  Out of Memory Error (allocation.cpp:44), pid=18380, tid=30384
#
# JRE version: OpenJDK Runtime Environment Temurin-21.0.10+7 (21.0.10+7) (build 21.0.10+7-LTS)
# Java VM: OpenJDK 64-Bit Server VM Temurin-21.0.10+7 (21.0.10+7-LTS, mixed mode, sharing, tiered, compressed oops, compressed class ptrs, parallel gc, windows-amd64)
# No core dump will be written. Minidumps are not enabled by default on client versions of Windows
#

---------------  S U M M A R Y ------------

Command Line: --add-modules=ALL-SYSTEM --add-opens=java.base/java.util=ALL-UNNAMED --add-opens=java.base/java.lang=ALL-UNNAMED --add-opens=java.base/sun.nio.fs=ALL-UNNAMED -Declipse.application=org.eclipse.jdt.ls.core.id1 -Dosgi.bundles.defaultStartLevel=4 -Declipse.product=org.eclipse.jdt.ls.core.product -Djava.import.generatesMetadataFilesAtProjectRoot=false -DDetectVMInstallationsJob.disabled=true -Dfile.encoding=utf8 -XX:+UseParallelGC -XX:GCTimeRatio=4 -XX:AdaptiveSizePolicyWeight=90 -Dsun.zip.disableMemoryMapping=true -Xmx2G -Xms100m -Xlog:disable -javaagent:c:\Users\thang\.antigravity\extensions\redhat.java-1.54.0-win32-x64\lombok\lombok-1.18.39-4050.jar -XX:+HeapDumpOnOutOfMemoryError -XX:HeapDumpPath=c:\Users\thang\AppData\Roaming\Antigravity\User\workspaceStorage\1aa29bd13b5d1e4f7ba43c468954d472\redhat.java -Daether.dependencyCollector.impl=bf c:\Users\thang\.antigravity\extensions\redhat.java-1.54.0-win32-x64\server\plugins\org.eclipse.equinox.launcher_1.7.100.v20251111-0406.jar -configuration c:\Users\thang\AppData\Roaming\Antigravity\User\globalStorage\redhat.java\1.54.0\config_win -data c:\Users\thang\AppData\Roaming\Antigravity\User\workspaceStorage\1aa29bd13b5d1e4f7ba43c468954d472\redhat.java\jdt_ws --pipe=\\.\pipe\lsp-3a730632c40871c928448acda93c8f82-sock

Host: Intel(R) Core(TM) Ultra 5 125H, 18 cores, 15G,  Windows 11 , 64 bit Build 26100 (10.0.26100.8246)
Time: Mon Apr 20 08:43:03 2026 SE Asia Standard Time elapsed time: 21294.817627 seconds (0d 5h 54m 54s)

---------------  T H R E A D  ---------------

Current thread (0x0000022fae0c7a70):  JavaThread "Attach Listener" daemon [_thread_in_vm, id=30384, stack(0x000000f60d600000,0x000000f60d700000) (1024K)]

Stack: [0x000000f60d600000,0x000000f60d700000]
Native frames: (J=compiled Java code, j=interpreted, Vv=VM code, C=native code)
V  [jvm.dll+0x6d7a39]
V  [jvm.dll+0x8b4b26]
V  [jvm.dll+0x8b70de]
V  [jvm.dll+0x8b77c3]
V  [jvm.dll+0x284346]
V  [jvm.dll+0xc1277]
V  [jvm.dll+0x6d82e9]
V  [jvm.dll+0x1334a6]
V  [jvm.dll+0x3f857e]
V  [jvm.dll+0x85f59d]
V  [jvm.dll+0x6d626d]
C  [ucrtbase.dll+0x37b0]
C  [KERNEL32.DLL+0x2e8d7]
C  [ntdll.dll+0x8c3fc]


---------------  P R O C E S S  ---------------

Threads class SMR info:
_java_thread_list=0x00000230111f9720, length=44, elements={
0x0000022fabbf8f00, 0x0000022fadfce240, 0x0000022fae0c1840, 0x0000022fae0c4da0,
0x0000022fae0c7a70, 0x0000022fae0c8880, 0x0000022fae0c92e0, 0x0000022fae0ca120,
0x0000023006ea2350, 0x00000230070fa250, 0x0000023007120d90, 0x000002300dbe1760,
0x000002300db471b0, 0x000002300d7258d0, 0x000002300d727f50, 0x000002300e001660,
0x000002300ded3200, 0x000002300d34f160, 0x000002300e670250, 0x000002300e670f70,
0x000002300e66f530, 0x000002300e66e810, 0x000002300e66fbc0, 0x000002300faf00e0,
0x000002300faf3bf0, 0x000002300faf2ed0, 0x000002300faf0770, 0x000002300faf0e00,
0x000002300faf21b0, 0x000002300faf4910, 0x000002300faf4280, 0x000002300faf1490,
0x000002300faf3560, 0x000002300faf2840, 0x000002300faf4fa0, 0x000002300faf1b20,
0x000002300faf6350, 0x000002300faf5630, 0x000002300faf5cc0, 0x000002300faf69e0,
0x000002300faf7070, 0x000002300faf7700, 0x000002300ef043f0, 0x000002300ef02320
}

Java Threads: ( => current thread )
  0x0000022fabbf8f00 JavaThread "main"                              [_thread_blocked, id=28200, stack(0x000000f60cf00000,0x000000f60d000000) (1024K)]
  0x0000022fadfce240 JavaThread "Reference Handler"          daemon [_thread_blocked, id=20516, stack(0x000000f60d300000,0x000000f60d400000) (1024K)]
  0x0000022fae0c1840 JavaThread "Finalizer"                  daemon [_thread_blocked, id=14456, stack(0x000000f60d400000,0x000000f60d500000) (1024K)]
  0x0000022fae0c4da0 JavaThread "Signal Dispatcher"          daemon [_thread_blocked, id=25480, stack(0x000000f60d500000,0x000000f60d600000) (1024K)]
=>0x0000022fae0c7a70 JavaThread "Attach Listener"            daemon [_thread_in_vm, id=30384, stack(0x000000f60d600000,0x000000f60d700000) (1024K)]
  0x0000022fae0c8880 JavaThread "Service Thread"             daemon [_thread_blocked, id=7896, stack(0x000000f60d700000,0x000000f60d800000) (1024K)]
  0x0000022fae0c92e0 JavaThread "Monitor Deflation Thread"   daemon [_thread_blocked, id=32956, stack(0x000000f60d800000,0x000000f60d900000) (1024K)]
  0x0000022fae0ca120 JavaThread "C2 CompilerThread0"         daemon [_thread_blocked, id=28000, stack(0x000000f60d900000,0x000000f60da00000) (1024K)]
  0x0000023006ea2350 JavaThread "C1 CompilerThread0"         daemon [_thread_blocked, id=34408, stack(0x000000f60da00000,0x000000f60db00000) (1024K)]
  0x00000230070fa250 JavaThread "Common-Cleaner"             daemon [_thread_blocked, id=20900, stack(0x000000f60de00000,0x000000f60df00000) (1024K)]
  0x0000023007120d90 JavaThread "Notification Thread"        daemon [_thread_blocked, id=9544, stack(0x000000f60dd00000,0x000000f60de00000) (1024K)]
  0x000002300dbe1760 JavaThread "Active Thread: Equinox Container: 746049eb-7568-4a82-af4f-831bdef46966"        [_thread_blocked, id=30908, stack(0x000000f60e800000,0x000000f60e900000) (1024K)]
  0x000002300db471b0 JavaThread "Refresh Thread: Equinox Container: 746049eb-7568-4a82-af4f-831bdef46966" daemon [_thread_blocked, id=21672, stack(0x000000f60e900000,0x000000f60ea00000) (1024K)]
  0x000002300d7258d0 JavaThread "Framework Event Dispatcher: Equinox Container: 746049eb-7568-4a82-af4f-831bdef46966" daemon [_thread_blocked, id=15960, stack(0x000000f60df00000,0x000000f60e000000) (1024K)]
  0x000002300d727f50 JavaThread "Start Level: Equinox Container: 746049eb-7568-4a82-af4f-831bdef46966" daemon [_thread_blocked, id=30184, stack(0x000000f60ea00000,0x000000f60eb00000) (1024K)]
  0x000002300e001660 JavaThread "Bundle File Closer"         daemon [_thread_blocked, id=32616, stack(0x000000f60ef00000,0x000000f60f000000) (1024K)]
  0x000002300ded3200 JavaThread "SCR Component Actor"        daemon [_thread_blocked, id=33420, stack(0x000000f60db00000,0x000000f60dc00000) (1024K)]
  0x000002300d34f160 JavaThread "Worker-JM"                         [_thread_blocked, id=4536, stack(0x000000f60dc00000,0x000000f60dd00000) (1024K)]
  0x000002300e670250 JavaThread "JNA Cleaner"                daemon [_thread_blocked, id=27408, stack(0x000000f60f000000,0x000000f60f100000) (1024K)]
  0x000002300e670f70 JavaThread "Worker-1"                          [_thread_blocked, id=24024, stack(0x000000f60f200000,0x000000f60f300000) (1024K)]
  0x000002300e66f530 JavaThread "Java indexing"              daemon [_thread_blocked, id=22616, stack(0x000000f60fb00000,0x000000f60fc00000) (1024K)]
  0x000002300e66e810 JavaThread "Worker-4"                          [_thread_blocked, id=11440, stack(0x000000f610000000,0x000000f610100000) (1024K)]
  0x000002300e66fbc0 JavaThread "Thread-1"                   daemon [_thread_in_native, id=23264, stack(0x000000f610100000,0x000000f610200000) (1024K)]
  0x000002300faf00e0 JavaThread "Thread-2"                   daemon [_thread_in_native, id=19732, stack(0x000000f610200000,0x000000f610300000) (1024K)]
  0x000002300faf3bf0 JavaThread "Thread-3"                   daemon [_thread_in_native, id=17680, stack(0x000000f610300000,0x000000f610400000) (1024K)]
  0x000002300faf2ed0 JavaThread "Thread-4"                   daemon [_thread_in_native, id=20904, stack(0x000000f610400000,0x000000f610500000) (1024K)]
  0x000002300faf0770 JavaThread "Thread-5"                   daemon [_thread_in_native, id=16620, stack(0x000000f610500000,0x000000f610600000) (1024K)]
  0x000002300faf0e00 JavaThread "Thread-6"                   daemon [_thread_in_native, id=31692, stack(0x000000f610600000,0x000000f610700000) (1024K)]
  0x000002300faf21b0 JavaThread "Thread-7"                   daemon [_thread_in_native, id=10680, stack(0x000000f610700000,0x000000f610800000) (1024K)]
  0x000002300faf4910 JavaThread "Thread-8"                   daemon [_thread_in_native, id=32784, stack(0x000000f610800000,0x000000f610900000) (1024K)]
  0x000002300faf4280 JavaThread "Thread-9"                   daemon [_thread_in_native, id=25676, stack(0x000000f610900000,0x000000f610a00000) (1024K)]
  0x000002300faf1490 JavaThread "Thread-10"                  daemon [_thread_in_native, id=26060, stack(0x000000f610a00000,0x000000f610b00000) (1024K)]
  0x000002300faf3560 JavaThread "Thread-11"                  daemon [_thread_in_native, id=4996, stack(0x000000f610b00000,0x000000f610c00000) (1024K)]
  0x000002300faf2840 JavaThread "Thread-12"                  daemon [_thread_in_native, id=30608, stack(0x000000f610c00000,0x000000f610d00000) (1024K)]
  0x000002300faf4fa0 JavaThread "Thread-13"                  daemon [_thread_in_native, id=24136, stack(0x000000f610d00000,0x000000f610e00000) (1024K)]
  0x000002300faf1b20 JavaThread "Thread-14"                  daemon [_thread_in_native, id=18252, stack(0x000000f610e00000,0x000000f610f00000) (1024K)]
  0x000002300faf6350 JavaThread "Thread-15"                  daemon [_thread_in_native, id=31660, stack(0x000000f610f00000,0x000000f611000000) (1024K)]
  0x000002300faf5630 JavaThread "Thread-16"                  daemon [_thread_in_native, id=31756, stack(0x000000f611000000,0x000000f611100000) (1024K)]
  0x000002300faf5cc0 JavaThread "Thread-17"                  daemon [_thread_in_native, id=34564, stack(0x000000f611100000,0x000000f611200000) (1024K)]
  0x000002300faf69e0 JavaThread "Thread-18"                  daemon [_thread_in_native, id=3784, stack(0x000000f611200000,0x000000f611300000) (1024K)]
  0x000002300faf7070 JavaThread "Thread-19"                  daemon [_thread_in_native, id=17116, stack(0x000000f611300000,0x000000f611400000) (1024K)]
  0x000002300faf7700 JavaThread "pool-2-thread-1"                   [_thread_blocked, id=34772, stack(0x000000f611400000,0x000000f611500000) (1024K)]
  0x000002300ef043f0 JavaThread "WorkspaceEventsHandler"            [_thread_blocked, id=25088, stack(0x000000f611600000,0x000000f611700000) (1024K)]
  0x000002300ef02320 JavaThread "pool-1-thread-1"                   [_thread_blocked, id=13076, stack(0x000000f611700000,0x000000f611800000) (1024K)]
Total: 44

Other Threads:
  0x0000022fadfb4530 VMThread "VM Thread"                           [id=3336, stack(0x000000f60d200000,0x000000f60d300000) (1024K)]
  0x0000022fadeaca00 WatcherThread "VM Periodic Task Thread"        [id=33416, stack(0x000000f60d100000,0x000000f60d200000) (1024K)]
  0x0000022fae03c950 WorkerThread "GC Thread#0"                     [id=30132, stack(0x000000f60d000000,0x000000f60d100000) (1024K)]
  0x000002300d053030 WorkerThread "GC Thread#1"                     [id=29480, stack(0x000000f60e000000,0x000000f60e100000) (1024K)]
  0x000002300d4e62c0 WorkerThread "GC Thread#2"                     [id=29028, stack(0x000000f60e200000,0x000000f60e300000) (1024K)]
  0x000002300d4e6670 WorkerThread "GC Thread#3"                     [id=9588, stack(0x000000f60e300000,0x000000f60e400000) (1024K)]
  0x000002300d4e9240 WorkerThread "GC Thread#4"                     [id=30780, stack(0x000000f60e400000,0x000000f60e500000) (1024K)]
  0x000002300d4e95f0 WorkerThread "GC Thread#5"                     [id=14316, stack(0x000000f60e500000,0x000000f60e600000) (1024K)]
  0x000002300d4e99a0 WorkerThread "GC Thread#6"                     [id=30948, stack(0x000000f60e600000,0x000000f60e700000) (1024K)]
  0x000002300d734a00 WorkerThread "GC Thread#7"                     [id=13832, stack(0x000000f60e700000,0x000000f60e800000) (1024K)]
  0x000002300db14620 WorkerThread "GC Thread#8"                     [id=24076, stack(0x000000f60ec00000,0x000000f60ed00000) (1024K)]
  0x000002300db149d0 WorkerThread "GC Thread#9"                     [id=28296, stack(0x000000f60ed00000,0x000000f60ee00000) (1024K)]
  0x000002300da63c70 WorkerThread "GC Thread#10"                    [id=5924, stack(0x000000f60ee00000,0x000000f60ef00000) (1024K)]
  0x000002300df7c890 WorkerThread "GC Thread#11"                    [id=1592, stack(0x000000f60e100000,0x000000f60e200000) (1024K)]
  0x000002300df7cc40 WorkerThread "GC Thread#12"                    [id=9940, stack(0x000000f60eb00000,0x000000f60ec00000) (1024K)]
  0x000002300df7d750 WorkerThread "GC Thread#13"                    [id=5236, stack(0x000000f60f300000,0x000000f60f400000) (1024K)]
Total: 16

Threads with active compile tasks:
Total: 0

VM state: not at safepoint (normal execution)

VM Mutex/Monitor currently owned by a thread: None

Heap address: 0x0000000080000000, size: 2048 MB, Compressed Oops mode: 32-bit

CDS archive(s) mapped at: [0x0000022fc5000000-0x0000022fc5ba0000-0x0000022fc5ba0000), size 12189696, SharedBaseAddress: 0x0000022fc5000000, ArchiveRelocationMode: 1.
Compressed class space mapped at: 0x0000022fc6000000-0x0000023006000000, reserved size: 1073741824
Narrow klass base: 0x0000022fc5000000, Narrow klass shift: 0, Narrow klass range: 0x100000000

GC Precious Log:
 CardTable entry size: 512
 CPUs: 18 total, 18 available
 Memory: 15743M
 Large Page Support: Disabled
 NUMA Support: Disabled
 Compressed Oops: Enabled (32-bit)
 Alignments: Space 512K, Generation 512K, Heap 2M
 Heap Min Capacity: 100M
 Heap Initial Capacity: 100M
 Heap Max Capacity: 2G
 Pre-touch: Disabled
 Parallel Workers: 14

Heap:
 PSYoungGen      total 4096K, used 2544K [0x00000000d5580000, 0x00000000d5b80000, 0x0000000100000000)
  eden space 3584K, 60% used [0x00000000d5580000,0x00000000d579c318,0x00000000d5900000)
  from space 512K, 75% used [0x00000000d5900000,0x00000000d5960000,0x00000000d5980000)
  to   space 1024K, 0% used [0x00000000d5a80000,0x00000000d5a80000,0x00000000d5b80000)
 ParOldGen       total 345088K, used 344732K [0x0000000080000000, 0x0000000095100000, 0x00000000d5580000)
  object space 345088K, 99% used [0x0000000080000000,0x00000000950a7208,0x0000000095100000)
 Metaspace       used 66635K, committed 68224K, reserved 1114112K
  class space    used 6947K, committed 7616K, reserved 1048576K

Card table byte_map: [0x0000022fad9c0000,0x0000022faddd0000] _byte_map_base: 0x0000022fad5c0000

Marking Bits: (ParMarkBitMap*) 0x00007ffcc37b3450
 Begin Bits: [0x0000022fc04d0000, 0x0000022fc24d0000)
 End Bits:   [0x0000022fc24d0000, 0x0000022fc44d0000)

Polling page: 0x0000022fabe70000

Metaspace:

Usage:
  Non-class:     58.29 MB used.
      Class:      6.78 MB used.
       Both:     65.07 MB used.

Virtual space:
  Non-class space:       64.00 MB reserved,      59.19 MB ( 92%) committed,  1 nodes.
      Class space:        1.00 GB reserved,       7.44 MB ( <1%) committed,  1 nodes.
             Both:        1.06 GB reserved,      66.62 MB (  6%) committed. 

Chunk freelists:
   Non-Class:  4.77 MB
       Class:  8.50 MB
        Both:  13.27 MB

MaxMetaspaceSize: unlimited
CompressedClassSpaceSize: 1.00 GB
Initial GC threshold: 21.00 MB
Current GC threshold: 97.31 MB
CDS: on
 - commit_granule_bytes: 65536.
 - commit_granule_words: 8192.
 - virtual_space_node_default_size: 8388608.
 - enlarge_chunks_in_place: 1.
 - use_allocation_guard: 0.


Internal statistics:

num_allocs_failed_limit: 9.
num_arena_births: 1286.
num_arena_deaths: 14.
num_vsnodes_births: 2.
num_vsnodes_deaths: 0.
num_space_committed: 1066.
num_space_uncommitted: 0.
num_chunks_returned_to_freelist: 23.
num_chunks_taken_from_freelist: 4579.
num_chunk_merges: 12.
num_chunk_splits: 2764.
num_chunks_enlarged: 1489.
num_inconsistent_stats: 0.

CodeHeap 'non-profiled nmethods': size=119168Kb used=17490Kb max_used=17490Kb free=101677Kb
 bounds [0x0000022fb8dc0000, 0x0000022fb9ee0000, 0x0000022fc0220000]
CodeHeap 'profiled nmethods': size=119104Kb used=34556Kb max_used=34556Kb free=84548Kb
 bounds [0x0000022fb1220000, 0x0000022fb33e0000, 0x0000022fb8670000]
CodeHeap 'non-nmethods': size=7488Kb used=1425Kb max_used=3197Kb free=6062Kb
 bounds [0x0000022fb8670000, 0x0000022fb89a0000, 0x0000022fb8dc0000]
CodeCache: size=245760Kb, used=53471Kb, max_used=55243Kb, free=192287Kb
 total_blobs=15945, nmethods=15212, adapters=638, full_count=0
Compilation: enabled, stopped_count=0, restarted_count=0

Compilation events (20 events):
Event: 15941.436 Thread 0x0000022fae0ca120 16184       4       java.util.concurrent.locks.AbstractQueuedSynchronizer$Node::getAndUnsetStatus (14 bytes)
Event: 15941.445 Thread 0x0000022fae0ca120 nmethod 16184 0x0000022fb9ed3890 code [0x0000022fb9ed3a20, 0x0000022fb9ed3af0]
Event: 16521.835 Thread 0x0000022fae0ca120 16185       4       java.util.concurrent.locks.AbstractQueuedSynchronizer$Node::clearStatus (12 bytes)
Event: 16521.837 Thread 0x0000022fae0ca120 nmethod 16185 0x0000022fb9ed3b90 code [0x0000022fb9ed3d20, 0x0000022fb9ed3db0]
Event: 17012.274 Thread 0x0000022fae0ca120 16186   !   4       java.util.concurrent.locks.AbstractQueuedSynchronizer::tryInitializeHead (66 bytes)
Event: 17012.290 Thread 0x0000022fae0ca120 nmethod 16186 0x0000022fb9ed3e90 code [0x0000022fb9ed4020, 0x0000022fb9ed41d8]
Event: 18613.451 Thread 0x0000022fae0ca120 16187       4       java.util.concurrent.ScheduledThreadPoolExecutor$ScheduledFutureTask::getDelay (16 bytes)
Event: 18613.490 Thread 0x0000022fae0ca120 nmethod 16187 0x0000022fb9ed4310 code [0x0000022fb9ed44c0, 0x0000022fb9ed4658]
Event: 19214.010 Thread 0x0000023006ea2350 16188       1       org.eclipse.core.internal.jobs.JobManager::getLockManager (5 bytes)
Event: 19214.023 Thread 0x0000023006ea2350 nmethod 16188 0x0000022fb9ed4810 code [0x0000022fb9ed49a0, 0x0000022fb9ed4a68]
Event: 20114.065 Thread 0x0000023006ea2350 16189   !   3       org.eclipse.core.internal.jobs.JobManager::changeState (511 bytes)
Event: 20114.157 Thread 0x0000023006ea2350 nmethod 16189 0x0000022fb33da390 code [0x0000022fb33da820, 0x0000022fb33dc8a0]
Event: 21014.084 Thread 0x0000023006ea2350 16190       3       java.security.MessageDigest::update (11 bytes)
Event: 21014.094 Thread 0x0000023006ea2350 nmethod 16190 0x0000022fb33dda10 code [0x0000022fb33ddbc0, 0x0000022fb33dde80]
Event: 21014.095 Thread 0x0000023006ea2350 16193       3       java.util.UUID::<init> (109 bytes)
Event: 21014.100 Thread 0x0000023006ea2350 nmethod 16193 0x0000022fb33ddf90 code [0x0000022fb33de160, 0x0000022fb33de4b0]
Event: 21014.100 Thread 0x0000023006ea2350 16192       3       sun.security.provider.DigestBase::engineUpdate (32 bytes)
Event: 21014.101 Thread 0x0000023006ea2350 nmethod 16192 0x0000022fb33de690 code [0x0000022fb33de840, 0x0000022fb33deaa8]
Event: 21014.101 Thread 0x0000023006ea2350 16191       3       java.security.MessageDigest$Delegate::engineUpdate (9 bytes)
Event: 21014.102 Thread 0x0000023006ea2350 nmethod 16191 0x0000022fb33deb90 code [0x0000022fb33ded40, 0x0000022fb33def18]

GC Heap History (20 events):
Event: 1931.375 GC heap before
{Heap before GC invocations=623 (full 3):
 PSYoungGen      total 4608K, used 3808K [0x00000000d5580000, 0x00000000d5a80000, 0x0000000100000000)
  eden space 3584K, 100% used [0x00000000d5580000,0x00000000d5900000,0x00000000d5900000)
  from space 1024K, 21% used [0x00000000d5900000,0x00000000d5938000,0x00000000d5a00000)
  to   space 512K, 0% used [0x00000000d5a00000,0x00000000d5a00000,0x00000000d5a80000)
 ParOldGen       total 337920K, used 337864K [0x0000000080000000, 0x0000000094a00000, 0x00000000d5580000)
  object space 337920K, 99% used [0x0000000080000000,0x00000000949f20d0,0x0000000094a00000)
 Metaspace       used 66530K, committed 68096K, reserved 1114112K
  class space    used 6947K, committed 7616K, reserved 1048576K
}
Event: 1931.377 GC heap after
{Heap after GC invocations=623 (full 3):
 PSYoungGen      total 4096K, used 256K [0x00000000d5580000, 0x00000000d5a80000, 0x0000000100000000)
  eden space 3584K, 0% used [0x00000000d5580000,0x00000000d5580000,0x00000000d5900000)
  from space 512K, 50% used [0x00000000d5a00000,0x00000000d5a40000,0x00000000d5a80000)
  to   space 512K, 0% used [0x00000000d5980000,0x00000000d5980000,0x00000000d5a00000)
 ParOldGen       total 338432K, used 337968K [0x0000000080000000, 0x0000000094a80000, 0x00000000d5580000)
  object space 338432K, 99% used [0x0000000080000000,0x0000000094a0c0d0,0x0000000094a80000)
 Metaspace       used 66530K, committed 68096K, reserved 1114112K
  class space    used 6947K, committed 7616K, reserved 1048576K
}
Event: 1931.403 GC heap before
{Heap before GC invocations=624 (full 3):
 PSYoungGen      total 4096K, used 3840K [0x00000000d5580000, 0x00000000d5a80000, 0x0000000100000000)
  eden space 3584K, 100% used [0x00000000d5580000,0x00000000d5900000,0x00000000d5900000)
  from space 512K, 50% used [0x00000000d5a00000,0x00000000d5a40000,0x00000000d5a80000)
  to   space 512K, 0% used [0x00000000d5980000,0x00000000d5980000,0x00000000d5a00000)
 ParOldGen       total 338432K, used 337968K [0x0000000080000000, 0x0000000094a80000, 0x00000000d5580000)
  object space 338432K, 99% used [0x0000000080000000,0x0000000094a0c0d0,0x0000000094a80000)
 Metaspace       used 66530K, committed 68096K, reserved 1114112K
  class space    used 6947K, committed 7616K, reserved 1048576K
}
Event: 1931.405 GC heap after
{Heap after GC invocations=624 (full 3):
 PSYoungGen      total 4096K, used 412K [0x00000000d5580000, 0x00000000d5a80000, 0x0000000100000000)
  eden space 3584K, 0% used [0x00000000d5580000,0x00000000d5580000,0x00000000d5900000)
  from space 512K, 80% used [0x00000000d5980000,0x00000000d59e7378,0x00000000d5a00000)
  to   space 512K, 0% used [0x00000000d5a00000,0x00000000d5a00000,0x00000000d5a80000)
 ParOldGen       total 338432K, used 338040K [0x0000000080000000, 0x0000000094a80000, 0x00000000d5580000)
  object space 338432K, 99% used [0x0000000080000000,0x0000000094a1e0d0,0x0000000094a80000)
 Metaspace       used 66530K, committed 68096K, reserved 1114112K
  class space    used 6947K, committed 7616K, reserved 1048576K
}
Event: 1931.422 GC heap before
{Heap before GC invocations=625 (full 3):
 PSYoungGen      total 4096K, used 3996K [0x00000000d5580000, 0x00000000d5a80000, 0x0000000100000000)
  eden space 3584K, 100% used [0x00000000d5580000,0x00000000d5900000,0x00000000d5900000)
  from space 512K, 80% used [0x00000000d5980000,0x00000000d59e7378,0x00000000d5a00000)
  to   space 512K, 0% used [0x00000000d5a00000,0x00000000d5a00000,0x00000000d5a80000)
 ParOldGen       total 338432K, used 338040K [0x0000000080000000, 0x0000000094a80000, 0x00000000d5580000)
  object space 338432K, 99% used [0x0000000080000000,0x0000000094a1e0d0,0x0000000094a80000)
 Metaspace       used 66530K, committed 68096K, reserved 1114112K
  class space    used 6947K, committed 7616K, reserved 1048576K
}
Event: 1931.424 GC heap after
{Heap after GC invocations=625 (full 3):
 PSYoungGen      total 4096K, used 512K [0x00000000d5580000, 0x00000000d5b00000, 0x0000000100000000)
  eden space 3584K, 0% used [0x00000000d5580000,0x00000000d5580000,0x00000000d5900000)
  from space 512K, 100% used [0x00000000d5a00000,0x00000000d5a80000,0x00000000d5a80000)
  to   space 1024K, 0% used [0x00000000d5900000,0x00000000d5900000,0x00000000d5a00000)
 ParOldGen       total 338432K, used 338301K [0x0000000080000000, 0x0000000094a80000, 0x00000000d5580000)
  object space 338432K, 99% used [0x0000000080000000,0x0000000094a5f448,0x0000000094a80000)
 Metaspace       used 66530K, committed 68096K, reserved 1114112K
  class space    used 6947K, committed 7616K, reserved 1048576K
}
Event: 1931.482 GC heap before
{Heap before GC invocations=626 (full 3):
 PSYoungGen      total 4096K, used 4096K [0x00000000d5580000, 0x00000000d5b00000, 0x0000000100000000)
  eden space 3584K, 100% used [0x00000000d5580000,0x00000000d5900000,0x00000000d5900000)
  from space 512K, 100% used [0x00000000d5a00000,0x00000000d5a80000,0x00000000d5a80000)
  to   space 1024K, 0% used [0x00000000d5900000,0x00000000d5900000,0x00000000d5a00000)
 ParOldGen       total 338432K, used 338301K [0x0000000080000000, 0x0000000094a80000, 0x00000000d5580000)
  object space 338432K, 99% used [0x0000000080000000,0x0000000094a5f448,0x0000000094a80000)
 Metaspace       used 66531K, committed 68096K, reserved 1114112K
  class space    used 6947K, committed 7616K, reserved 1048576K
}
Event: 1931.485 GC heap after
{Heap after GC invocations=626 (full 3):
 PSYoungGen      total 4608K, used 992K [0x00000000d5580000, 0x00000000d5d00000, 0x0000000100000000)
  eden space 3584K, 0% used [0x00000000d5580000,0x00000000d5580000,0x00000000d5900000)
  from space 1024K, 96% used [0x00000000d5900000,0x00000000d59f8010,0x00000000d5a00000)
  to   space 2048K, 0% used [0x00000000d5b00000,0x00000000d5b00000,0x00000000d5d00000)
 ParOldGen       total 339456K, used 339101K [0x0000000080000000, 0x0000000094b80000, 0x00000000d5580000)
  object space 339456K, 99% used [0x0000000080000000,0x0000000094b27448,0x0000000094b80000)
 Metaspace       used 66531K, committed 68096K, reserved 1114112K
  class space    used 6947K, committed 7616K, reserved 1048576K
}
Event: 1931.527 GC heap before
{Heap before GC invocations=627 (full 3):
 PSYoungGen      total 4608K, used 4576K [0x00000000d5580000, 0x00000000d5d00000, 0x0000000100000000)
  eden space 3584K, 100% used [0x00000000d5580000,0x00000000d5900000,0x00000000d5900000)
  from space 1024K, 96% used [0x00000000d5900000,0x00000000d59f8010,0x00000000d5a00000)
  to   space 2048K, 0% used [0x00000000d5b00000,0x00000000d5b00000,0x00000000d5d00000)
 ParOldGen       total 339456K, used 339101K [0x0000000080000000, 0x0000000094b80000, 0x00000000d5580000)
  object space 339456K, 99% used [0x0000000080000000,0x0000000094b27448,0x0000000094b80000)
 Metaspace       used 66536K, committed 68096K, reserved 1114112K
  class space    used 6947K, committed 7616K, reserved 1048576K
}
Event: 1931.531 GC heap after
{Heap after GC invocations=627 (full 3):
 PSYoungGen      total 4608K, used 692K [0x00000000d5580000, 0x00000000d5c00000, 0x0000000100000000)
  eden space 3584K, 0% used [0x00000000d5580000,0x00000000d5580000,0x00000000d5900000)
  from space 1024K, 67% used [0x00000000d5b00000,0x00000000d5bad200,0x00000000d5c00000)
  to   space 1536K, 0% used [0x00000000d5900000,0x00000000d5900000,0x00000000d5a80000)
 ParOldGen       total 340480K, used 340125K [0x0000000080000000, 0x0000000094c80000, 0x00000000d5580000)
  object space 340480K, 99% used [0x0000000080000000,0x0000000094c27458,0x0000000094c80000)
 Metaspace       used 66536K, committed 68096K, reserved 1114112K
  class space    used 6947K, committed 7616K, reserved 1048576K
}
Event: 1931.579 GC heap before
{Heap before GC invocations=628 (full 3):
 PSYoungGen      total 4608K, used 4276K [0x00000000d5580000, 0x00000000d5c00000, 0x0000000100000000)
  eden space 3584K, 100% used [0x00000000d5580000,0x00000000d5900000,0x00000000d5900000)
  from space 1024K, 67% used [0x00000000d5b00000,0x00000000d5bad200,0x00000000d5c00000)
  to   space 1536K, 0% used [0x00000000d5900000,0x00000000d5900000,0x00000000d5a80000)
 ParOldGen       total 340480K, used 340125K [0x0000000080000000, 0x0000000094c80000, 0x00000000d5580000)
  object space 340480K, 99% used [0x0000000080000000,0x0000000094c27458,0x0000000094c80000)
 Metaspace       used 66544K, committed 68096K, reserved 1114112K
  class space    used 6947K, committed 7616K, reserved 1048576K
}
Event: 1931.582 GC heap after
{Heap after GC invocations=628 (full 3):
 PSYoungGen      total 5120K, used 1440K [0x00000000d5580000, 0x00000000d5d00000, 0x0000000100000000)
  eden space 3584K, 0% used [0x00000000d5580000,0x00000000d5580000,0x00000000d5900000)
  from space 1536K, 93% used [0x00000000d5900000,0x00000000d5a68000,0x00000000d5a80000)
  to   space 2048K, 0% used [0x00000000d5b00000,0x00000000d5b00000,0x00000000d5d00000)
 ParOldGen       total 340992K, used 340641K [0x0000000080000000, 0x0000000094d00000, 0x00000000d5580000)
  object space 340992K, 99% used [0x0000000080000000,0x0000000094ca8658,0x0000000094d00000)
 Metaspace       used 66544K, committed 68096K, reserved 1114112K
  class space    used 6947K, committed 7616K, reserved 1048576K
}
Event: 1931.606 GC heap before
{Heap before GC invocations=629 (full 3):
 PSYoungGen      total 5120K, used 5024K [0x00000000d5580000, 0x00000000d5d00000, 0x0000000100000000)
  eden space 3584K, 100% used [0x00000000d5580000,0x00000000d5900000,0x00000000d5900000)
  from space 1536K, 93% used [0x00000000d5900000,0x00000000d5a68000,0x00000000d5a80000)
  to   space 2048K, 0% used [0x00000000d5b00000,0x00000000d5b00000,0x00000000d5d00000)
 ParOldGen       total 340992K, used 340641K [0x0000000080000000, 0x0000000094d00000, 0x00000000d5580000)
  object space 340992K, 99% used [0x0000000080000000,0x0000000094ca8658,0x0000000094d00000)
 Metaspace       used 66547K, committed 68096K, reserved 1114112K
  class space    used 6947K, committed 7616K, reserved 1048576K
}
Event: 1931.610 GC heap after
{Heap after GC invocations=629 (full 3):
 PSYoungGen      total 4608K, used 858K [0x00000000d5580000, 0x00000000d5c00000, 0x0000000100000000)
  eden space 3584K, 0% used [0x00000000d5580000,0x00000000d5580000,0x00000000d5900000)
  from space 1024K, 83% used [0x00000000d5b00000,0x00000000d5bd6900,0x00000000d5c00000)
  to   space 1536K, 0% used [0x00000000d5900000,0x00000000d5900000,0x00000000d5a80000)
 ParOldGen       total 342016K, used 341945K [0x0000000080000000, 0x0000000094e00000, 0x00000000d5580000)
  object space 342016K, 99% used [0x0000000080000000,0x0000000094dee668,0x0000000094e00000)
 Metaspace       used 66547K, committed 68096K, reserved 1114112K
  class space    used 6947K, committed 7616K, reserved 1048576K
}
Event: 1931.624 GC heap before
{Heap before GC invocations=630 (full 3):
 PSYoungGen      total 4608K, used 4442K [0x00000000d5580000, 0x00000000d5c00000, 0x0000000100000000)
  eden space 3584K, 100% used [0x00000000d5580000,0x00000000d5900000,0x00000000d5900000)
  from space 1024K, 83% used [0x00000000d5b00000,0x00000000d5bd6900,0x00000000d5c00000)
  to   space 1536K, 0% used [0x00000000d5900000,0x00000000d5900000,0x00000000d5a80000)
 ParOldGen       total 342016K, used 341945K [0x0000000080000000, 0x0000000094e00000, 0x00000000d5580000)
  object space 342016K, 99% used [0x0000000080000000,0x0000000094dee668,0x0000000094e00000)
 Metaspace       used 66547K, committed 68096K, reserved 1114112K
  class space    used 6947K, committed 7616K, reserved 1048576K
}
Event: 1931.628 GC heap after
{Heap after GC invocations=630 (full 3):
 PSYoungGen      total 5120K, used 1518K [0x00000000d5580000, 0x00000000d5d00000, 0x0000000100000000)
  eden space 3584K, 0% used [0x00000000d5580000,0x00000000d5580000,0x00000000d5900000)
  from space 1536K, 98% used [0x00000000d5900000,0x00000000d5a7ba28,0x00000000d5a80000)
  to   space 2048K, 0% used [0x00000000d5b00000,0x00000000d5b00000,0x00000000d5d00000)
 ParOldGen       total 342528K, used 342526K [0x0000000080000000, 0x0000000094e80000, 0x00000000d5580000)
  object space 342528K, 99% used [0x0000000080000000,0x0000000094e7f868,0x0000000094e80000)
 Metaspace       used 66547K, committed 68096K, reserved 1114112K
  class space    used 6947K, committed 7616K, reserved 1048576K
}
Event: 1931.683 GC heap before
{Heap before GC invocations=631 (full 3):
 PSYoungGen      total 5120K, used 5102K [0x00000000d5580000, 0x00000000d5d00000, 0x0000000100000000)
  eden space 3584K, 100% used [0x00000000d5580000,0x00000000d5900000,0x00000000d5900000)
  from space 1536K, 98% used [0x00000000d5900000,0x00000000d5a7ba28,0x00000000d5a80000)
  to   space 2048K, 0% used [0x00000000d5b00000,0x00000000d5b00000,0x00000000d5d00000)
 ParOldGen       total 342528K, used 342526K [0x0000000080000000, 0x0000000094e80000, 0x00000000d5580000)
  object space 342528K, 99% used [0x0000000080000000,0x0000000094e7f868,0x0000000094e80000)
 Metaspace       used 66554K, committed 68160K, reserved 1114112K
  class space    used 6947K, committed 7616K, reserved 1048576K
}
Event: 1931.688 GC heap after
{Heap after GC invocations=631 (full 3):
 PSYoungGen      total 5632K, used 1729K [0x00000000d5580000, 0x00000000d5d00000, 0x0000000100000000)
  eden space 3584K, 0% used [0x00000000d5580000,0x00000000d5580000,0x00000000d5900000)
  from space 2048K, 84% used [0x00000000d5b00000,0x00000000d5cb05a0,0x00000000d5d00000)
  to   space 2048K, 0% used [0x00000000d5900000,0x00000000d5900000,0x00000000d5b00000)
 ParOldGen       total 344064K, used 343844K [0x0000000080000000, 0x0000000095000000, 0x00000000d5580000)
  object space 344064K, 99% used [0x0000000080000000,0x0000000094fc9208,0x0000000095000000)
 Metaspace       used 66554K, committed 68160K, reserved 1114112K
  class space    used 6947K, committed 7616K, reserved 1048576K
}
Event: 4812.956 GC heap before
{Heap before GC invocations=632 (full 3):
 PSYoungGen      total 5632K, used 5308K [0x00000000d5580000, 0x00000000d5d00000, 0x0000000100000000)
  eden space 3584K, 99% used [0x00000000d5580000,0x00000000d58fed08,0x00000000d5900000)
  from space 2048K, 84% used [0x00000000d5b00000,0x00000000d5cb05a0,0x00000000d5d00000)
  to   space 2048K, 0% used [0x00000000d5900000,0x00000000d5900000,0x00000000d5b00000)
 ParOldGen       total 344064K, used 343844K [0x0000000080000000, 0x0000000095000000, 0x00000000d5580000)
  object space 344064K, 99% used [0x0000000080000000,0x0000000094fc9208,0x0000000095000000)
 Metaspace       used 66595K, committed 68160K, reserved 1114112K
  class space    used 6947K, committed 7616K, reserved 1048576K
}
Event: 4813.110 GC heap after
{Heap after GC invocations=632 (full 3):
 PSYoungGen      total 4096K, used 384K [0x00000000d5580000, 0x00000000d5b80000, 0x0000000100000000)
  eden space 3584K, 0% used [0x00000000d5580000,0x00000000d5580000,0x00000000d5900000)
  from space 512K, 75% used [0x00000000d5900000,0x00000000d5960000,0x00000000d5980000)
  to   space 1024K, 0% used [0x00000000d5a80000,0x00000000d5a80000,0x00000000d5b80000)
 ParOldGen       total 345088K, used 344732K [0x0000000080000000, 0x0000000095100000, 0x00000000d5580000)
  object space 345088K, 99% used [0x0000000080000000,0x00000000950a7208,0x0000000095100000)
 Metaspace       used 66595K, committed 68160K, reserved 1114112K
  class space    used 6947K, committed 7616K, reserved 1048576K
}

Dll operation events (10 events):
Event: 0.025 Loaded shared library c:\Users\thang\.antigravity\extensions\redhat.java-1.54.0-win32-x64\jre\21.0.10-win32-x86_64\bin\java.dll
Event: 0.179 Loaded shared library c:\Users\thang\.antigravity\extensions\redhat.java-1.54.0-win32-x64\jre\21.0.10-win32-x86_64\bin\zip.dll
Event: 0.236 Loaded shared library C:\Users\thang\.antigravity\extensions\redhat.java-1.54.0-win32-x64\jre\21.0.10-win32-x86_64\bin\instrument.dll
Event: 0.248 Loaded shared library C:\Users\thang\.antigravity\extensions\redhat.java-1.54.0-win32-x64\jre\21.0.10-win32-x86_64\bin\net.dll
Event: 0.254 Loaded shared library C:\Users\thang\.antigravity\extensions\redhat.java-1.54.0-win32-x64\jre\21.0.10-win32-x86_64\bin\nio.dll
Event: 0.261 Loaded shared library C:\Users\thang\.antigravity\extensions\redhat.java-1.54.0-win32-x64\jre\21.0.10-win32-x86_64\bin\zip.dll
Event: 0.309 Loaded shared library C:\Users\thang\.antigravity\extensions\redhat.java-1.54.0-win32-x64\jre\21.0.10-win32-x86_64\bin\jimage.dll
Event: 0.498 Loaded shared library c:\Users\thang\.antigravity\extensions\redhat.java-1.54.0-win32-x64\jre\21.0.10-win32-x86_64\bin\verify.dll
Event: 5.202 Loaded shared library C:\Users\thang\AppData\Roaming\Antigravity\User\globalStorage\redhat.java\1.54.0\config_win\org.eclipse.equinox.launcher\org.eclipse.equinox.launcher.win32.win32.x86_64_1.3.0.v20260203-2149\eclipse_11919.dll
Event: 11.832 Loaded shared library C:\Users\thang\AppData\Local\Temp\jna-110323430\jna2476758247913739245.dll

Deoptimization events (20 events):
Event: 1930.468 Thread 0x0000023010658a60 Uncommon trap: trap_request=0xffffffc6 fr.pc=0x0000022fb9c27060 relative=0x0000000000000820
Event: 1930.468 Thread 0x0000023010658a60 Uncommon trap: reason=bimorphic_or_optimized_type_check action=maybe_recompile pc=0x0000022fb9c27060 method=org.eclipse.jdt.internal.core.JavaElement.equals(Ljava/lang/Object;)Z @ 47 c2
Event: 1930.469 Thread 0x0000023010658a60 DEOPT PACKING pc=0x0000022fb9c27060 sp=0x000000f60ccfe0f0
Event: 1930.469 Thread 0x0000023010658a60 DEOPT UNPACKING pc=0x0000022fb86c3aa2 sp=0x000000f60ccfe020 mode 2
Event: 1930.469 Thread 0x0000023010658a60 Uncommon trap: trap_request=0xffffffc6 fr.pc=0x0000022fb9c27060 relative=0x0000000000000820
Event: 1930.469 Thread 0x0000023010658a60 Uncommon trap: reason=bimorphic_or_optimized_type_check action=maybe_recompile pc=0x0000022fb9c27060 method=org.eclipse.jdt.internal.core.JavaElement.equals(Ljava/lang/Object;)Z @ 47 c2
Event: 1930.470 Thread 0x0000023010658a60 DEOPT PACKING pc=0x0000022fb9c27060 sp=0x000000f60ccfe260
Event: 1930.470 Thread 0x0000023010658a60 DEOPT UNPACKING pc=0x0000022fb86c3aa2 sp=0x000000f60ccfe190 mode 2
Event: 1930.759 Thread 0x0000023010658a60 Uncommon trap: trap_request=0xffffffc6 fr.pc=0x0000022fb9ddbb5c relative=0x00000000000002dc
Event: 1930.759 Thread 0x0000023010658a60 Uncommon trap: reason=bimorphic_or_optimized_type_check action=maybe_recompile pc=0x0000022fb9ddbb5c method=org.eclipse.jdt.internal.compiler.parser.Parser.consumeRule(I)V @ 5970 c2
Event: 1930.759 Thread 0x0000023010658a60 DEOPT PACKING pc=0x0000022fb9ddbb5c sp=0x000000f60ccfe570
Event: 1930.759 Thread 0x0000023010658a60 DEOPT UNPACKING pc=0x0000022fb86c3aa2 sp=0x000000f60ccfe4f0 mode 2
Event: 1930.813 Thread 0x0000023010658a60 Uncommon trap: trap_request=0xffffffc6 fr.pc=0x0000022fb9c23818 relative=0x00000000000007d8
Event: 1930.813 Thread 0x0000023010658a60 Uncommon trap: reason=bimorphic_or_optimized_type_check action=maybe_recompile pc=0x0000022fb9c23818 method=org.eclipse.jdt.internal.core.JavaElement.equals(Ljava/lang/Object;)Z @ 47 c2
Event: 1930.813 Thread 0x0000023010658a60 DEOPT PACKING pc=0x0000022fb9c23818 sp=0x000000f60ccfe080
Event: 1930.813 Thread 0x0000023010658a60 DEOPT UNPACKING pc=0x0000022fb86c3aa2 sp=0x000000f60ccfe020 mode 2
Event: 3912.859 Thread 0x000002300e670f70 DEOPT PACKING pc=0x0000022fb31f492b sp=0x000000f60f2feee0
Event: 3912.866 Thread 0x000002300e670f70 DEOPT UNPACKING pc=0x0000022fb86c4242 sp=0x000000f60f2fe350 mode 0
Event: 3912.873 Thread 0x000002300e670f70 DEOPT PACKING pc=0x0000022fb31f492b sp=0x000000f60f2fef80
Event: 3912.873 Thread 0x000002300e670f70 DEOPT UNPACKING pc=0x0000022fb86c4242 sp=0x000000f60f2fe3f0 mode 0

Classes loaded (20 events):
Event: 60.569 Loading class java/util/stream/Nodes$IntArrayNode done
Event: 60.569 Loading class java/util/stream/Nodes$IntFixedNodeBuilder done
Event: 60.569 Loading class java/util/stream/ReferencePipeline$4$1
Event: 60.569 Loading class java/util/stream/ReferencePipeline$4$1 done
Event: 1422.845 Loading class java/util/stream/DistinctOps
Event: 1422.879 Loading class java/util/stream/DistinctOps done
Event: 1422.880 Loading class java/util/stream/DistinctOps$1
Event: 1422.969 Loading class java/util/stream/DistinctOps$1 done
Event: 1423.584 Loading class java/util/stream/DistinctOps$1$2
Event: 1423.604 Loading class java/util/stream/DistinctOps$1$2 done
Event: 1928.323 Loading class java/nio/file/attribute/PosixFileAttributes
Event: 1928.325 Loading class java/nio/file/attribute/PosixFileAttributes done
Event: 1928.415 Loading class java/nio/file/attribute/PosixFileAttributeView
Event: 1928.416 Loading class java/nio/file/attribute/PosixFileAttributeView done
Event: 1928.563 Loading class java/nio/file/DirectoryIteratorException
Event: 1928.564 Loading class java/nio/file/DirectoryIteratorException done
Event: 1929.347 Loading class java/nio/file/FileTreeIterator
Event: 1929.349 Loading class java/nio/file/FileTreeIterator done
Event: 1929.545 Loading class java/nio/file/Files$2
Event: 1929.551 Loading class java/nio/file/Files$2 done

Classes unloaded (7 events):
Event: 13.752 Thread 0x0000022fadfb4530 Unloading class 0x0000022fc61acc00 'java/lang/invoke/LambdaForm$MH+0x0000022fc61acc00'
Event: 13.752 Thread 0x0000022fadfb4530 Unloading class 0x0000022fc61ac800 'java/lang/invoke/LambdaForm$MH+0x0000022fc61ac800'
Event: 13.752 Thread 0x0000022fadfb4530 Unloading class 0x0000022fc61ac400 'java/lang/invoke/LambdaForm$MH+0x0000022fc61ac400'
Event: 13.752 Thread 0x0000022fadfb4530 Unloading class 0x0000022fc61ac000 'java/lang/invoke/LambdaForm$MH+0x0000022fc61ac000'
Event: 13.752 Thread 0x0000022fadfb4530 Unloading class 0x0000022fc61abc00 'java/lang/invoke/LambdaForm$BMH+0x0000022fc61abc00'
Event: 13.752 Thread 0x0000022fadfb4530 Unloading class 0x0000022fc61ab800 'java/lang/invoke/LambdaForm$DMH+0x0000022fc61ab800'
Event: 13.752 Thread 0x0000022fadfb4530 Unloading class 0x0000022fc61aa400 'java/lang/invoke/LambdaForm$DMH+0x0000022fc61aa400'

Classes redefined (0 events):
No events

Internal exceptions (20 events):
Event: 59.556 Thread 0x000002300e670f70 Exception <a 'sun/nio/fs/WindowsException'{0x00000000d5c02548}> (0x00000000d5c02548) 
thrown [s\src\hotspot\share\prims\jni.cpp, line 520]
Event: 59.557 Thread 0x000002300e670f70 Exception <a 'sun/nio/fs/WindowsException'{0x00000000d5c0aab8}> (0x00000000d5c0aab8) 
thrown [s\src\hotspot\share\prims\jni.cpp, line 520]
Event: 59.558 Thread 0x000002300e670f70 Exception <a 'sun/nio/fs/WindowsException'{0x00000000d5c0b0d0}> (0x00000000d5c0b0d0) 
thrown [s\src\hotspot\share\prims\jni.cpp, line 520]
Event: 59.559 Thread 0x000002300e670f70 Exception <a 'sun/nio/fs/WindowsException'{0x00000000d5c130d8}> (0x00000000d5c130d8) 
thrown [s\src\hotspot\share\prims\jni.cpp, line 520]
Event: 59.559 Thread 0x000002300e670f70 Exception <a 'sun/nio/fs/WindowsException'{0x00000000d5c136f0}> (0x00000000d5c136f0) 
thrown [s\src\hotspot\share\prims\jni.cpp, line 520]
Event: 59.560 Thread 0x000002300e670f70 Exception <a 'sun/nio/fs/WindowsException'{0x00000000d5c1b4b0}> (0x00000000d5c1b4b0) 
thrown [s\src\hotspot\share\prims\jni.cpp, line 520]
Event: 59.560 Thread 0x000002300e670f70 Exception <a 'sun/nio/fs/WindowsException'{0x00000000d5c1bac8}> (0x00000000d5c1bac8) 
thrown [s\src\hotspot\share\prims\jni.cpp, line 520]
Event: 59.560 Thread 0x000002300e670f70 Exception <a 'sun/nio/fs/WindowsException'{0x00000000d5c23828}> (0x00000000d5c23828) 
thrown [s\src\hotspot\share\prims\jni.cpp, line 520]
Event: 59.560 Thread 0x000002300e670f70 Exception <a 'sun/nio/fs/WindowsException'{0x00000000d5c23e40}> (0x00000000d5c23e40) 
thrown [s\src\hotspot\share\prims\jni.cpp, line 520]
Event: 59.561 Thread 0x000002300e670f70 Exception <a 'sun/nio/fs/WindowsException'{0x00000000d5c2ce18}> (0x00000000d5c2ce18) 
thrown [s\src\hotspot\share\prims\jni.cpp, line 520]
Event: 59.561 Thread 0x000002300e670f70 Exception <a 'sun/nio/fs/WindowsException'{0x00000000d5c2d6a8}> (0x00000000d5c2d6a8) 
thrown [s\src\hotspot\share\prims\jni.cpp, line 520]
Event: 59.562 Thread 0x000002300e670f70 Exception <a 'sun/nio/fs/WindowsException'{0x00000000d5c35408}> (0x00000000d5c35408) 
thrown [s\src\hotspot\share\prims\jni.cpp, line 520]
Event: 59.562 Thread 0x000002300e670f70 Exception <a 'sun/nio/fs/WindowsException'{0x00000000d5c35a20}> (0x00000000d5c35a20) 
thrown [s\src\hotspot\share\prims\jni.cpp, line 520]
Event: 59.563 Thread 0x000002300e670f70 Exception <a 'sun/nio/fs/WindowsException'{0x00000000d5c3e600}> (0x00000000d5c3e600) 
thrown [s\src\hotspot\share\prims\jni.cpp, line 520]
Event: 59.563 Thread 0x000002300e670f70 Exception <a 'sun/nio/fs/WindowsException'{0x00000000d5c3ec18}> (0x00000000d5c3ec18) 
thrown [s\src\hotspot\share\prims\jni.cpp, line 520]
Event: 60.571 Thread 0x000002300e670f70 Implicit null exception at 0x0000022fb95d15a3 to 0x0000022fb95d1910
Event: 60.582 Thread 0x000002300e670f70 Exception <a 'java/lang/NoSuchMethodError'{0x00000000d57df820}: 'java.lang.Object java.lang.invoke.DirectMethodHandle$Holder.invokeStatic(java.lang.Object, java.lang.Object, int, java.lang.Object)'> (0x00000000d57df820) 
thrown [s\src\hotspot\share\interpreter\linkResolver.cpp, line 773]
Event: 60.583 Thread 0x000002300e670f70 Exception <a 'java/lang/NoSuchMethodError'{0x00000000d57e5e50}: 'java.lang.Object java.lang.invoke.DirectMethodHandle$Holder.newInvokeSpecial(java.lang.Object, java.lang.Object, int)'> (0x00000000d57e5e50) 
thrown [s\src\hotspot\share\interpreter\linkResolver.cpp, line 773]
Event: 1212.715 Thread 0x000002300e670f70 Implicit null exception at 0x0000022fb9d67244 to 0x0000022fb9d67ca0
Event: 1927.238 Thread 0x0000023010658a60 Exception <a 'java/lang/IncompatibleClassChangeError'{0x00000000d5c2cbb0}: Found class java.lang.Object, but interface was expected> (0x00000000d5c2cbb0) 
thrown [s\src\hotspot\share\interpreter\linkResolver.cpp, line 840]

ZGC Phase Switch (0 events):
No events

VM Operations (20 events):
Event: 19659.902 Executing non-safepoint VM operation: RendezvousGCThreads
Event: 19659.902 Executing non-safepoint VM operation: RendezvousGCThreads done
Event: 20200.977 Executing non-safepoint VM operation: HandshakeAllThreads (HandshakeForDeflation)
Event: 20200.977 Executing non-safepoint VM operation: HandshakeAllThreads (HandshakeForDeflation) done
Event: 20200.977 Executing non-safepoint VM operation: RendezvousGCThreads
Event: 20200.977 Executing non-safepoint VM operation: RendezvousGCThreads done
Event: 20261.030 Executing non-safepoint VM operation: HandshakeAllThreads (HandshakeForDeflation)
Event: 20261.030 Executing non-safepoint VM operation: HandshakeAllThreads (HandshakeForDeflation) done
Event: 20261.030 Executing non-safepoint VM operation: RendezvousGCThreads
Event: 20261.030 Executing non-safepoint VM operation: RendezvousGCThreads done
Event: 20381.395 Executing non-safepoint VM operation: HandshakeAllThreads (HandshakeForDeflation)
Event: 20381.395 Executing non-safepoint VM operation: HandshakeAllThreads (HandshakeForDeflation) done
Event: 20381.395 Executing non-safepoint VM operation: RendezvousGCThreads
Event: 20381.395 Executing non-safepoint VM operation: RendezvousGCThreads done
Event: 21014.725 Executing safepoint VM operation: Cleanup
Event: 21014.726 Executing safepoint VM operation: Cleanup done
Event: 21042.494 Executing non-safepoint VM operation: HandshakeAllThreads (HandshakeForDeflation)
Event: 21042.494 Executing non-safepoint VM operation: HandshakeAllThreads (HandshakeForDeflation) done
Event: 21042.494 Executing non-safepoint VM operation: RendezvousGCThreads
Event: 21042.494 Executing non-safepoint VM operation: RendezvousGCThreads done

Memory protections (0 events):
No events

Nmethod flushes (20 events):
Event: 36.444 Thread 0x0000022fadfb4530 flushing  nmethod 0x0000022fb1cc7110
Event: 36.444 Thread 0x0000022fadfb4530 flushing  nmethod 0x0000022fb1cfca90
Event: 36.444 Thread 0x0000022fadfb4530 flushing  nmethod 0x0000022fb1d06010
Event: 36.444 Thread 0x0000022fadfb4530 flushing  nmethod 0x0000022fb1d06990
Event: 36.444 Thread 0x0000022fadfb4530 flushing  nmethod 0x0000022fb1d2d110
Event: 36.444 Thread 0x0000022fadfb4530 flushing  nmethod 0x0000022fb1d2e910
Event: 36.444 Thread 0x0000022fadfb4530 flushing  nmethod 0x0000022fb1d3c990
Event: 36.444 Thread 0x0000022fadfb4530 flushing  nmethod 0x0000022fb1d42990
Event: 36.444 Thread 0x0000022fadfb4530 flushing  nmethod 0x0000022fb1d6a010
Event: 36.444 Thread 0x0000022fadfb4530 flushing  nmethod 0x0000022fb1d6a490
Event: 36.444 Thread 0x0000022fadfb4530 flushing  nmethod 0x0000022fb1d6a890
Event: 36.444 Thread 0x0000022fadfb4530 flushing  nmethod 0x0000022fb1d6ad10
Event: 36.444 Thread 0x0000022fadfb4530 flushing  nmethod 0x0000022fb1d6c310
Event: 36.444 Thread 0x0000022fadfb4530 flushing  nmethod 0x0000022fb1d6d310
Event: 36.444 Thread 0x0000022fadfb4530 flushing  nmethod 0x0000022fb1d6f990
Event: 36.444 Thread 0x0000022fadfb4530 flushing  nmethod 0x0000022fb1d6ff90
Event: 36.444 Thread 0x0000022fadfb4530 flushing  nmethod 0x0000022fb1d70910
Event: 36.444 Thread 0x0000022fadfb4530 flushing  nmethod 0x0000022fb1d72290
Event: 36.444 Thread 0x0000022fadfb4530 flushing osr nmethod 0x0000022fb1dcd990
Event: 36.444 Thread 0x0000022fadfb4530 flushing  nmethod 0x0000022fb1ddf610

Events (20 events):
Event: 1929.615 Thread 0x0000023006ea2350 Thread added: 0x000002300e5ad9c0
Event: 1930.089 Thread 0x000002300e5ad9c0 Thread exited: 0x000002300e5ad9c0
Event: 1930.164 Thread 0x000002300e5a9c70 Thread exited: 0x000002300e5a9c70
Event: 1930.458 Thread 0x000002300e5abe80 Thread added: 0x000002300e5ad9c0
Event: 1930.646 Thread 0x000002300e5ad9c0 Thread exited: 0x000002300e5ad9c0
Event: 1930.752 Thread 0x000002300e5ad2f0 Thread exited: 0x000002300e5ad2f0
Event: 1930.759 Thread 0x000002300e5a95a0 Thread exited: 0x000002300e5a95a0
Event: 1931.191 Thread 0x000002300e5abe80 Thread exited: 0x000002300e5abe80
Event: 1936.705 Thread 0x000002300e5acc20 Thread exited: 0x000002300e5acc20
Event: 1936.706 Thread 0x000002300e5a8130 Thread exited: 0x000002300e5a8130
Event: 1936.706 Thread 0x000002300e5ac550 Thread exited: 0x000002300e5ac550
Event: 1991.733 Thread 0x0000023010658a60 Thread exited: 0x0000023010658a60
Event: 2051.739 Thread 0x000002301065a4a0 Thread exited: 0x000002301065a4a0
Event: 2111.739 Thread 0x0000023010659e10 Thread exited: 0x0000023010659e10
Event: 2171.749 Thread 0x000002301065e640 Thread exited: 0x000002301065e640
Event: 2231.758 Thread 0x000002301065ecd0 Thread exited: 0x000002301065ecd0
Event: 2291.772 Thread 0x000002301065f9f0 Thread exited: 0x000002301065f9f0
Event: 2351.775 Thread 0x000002301065c570 Thread exited: 0x000002301065c570
Event: 2411.789 Thread 0x000002301065d290 Thread exited: 0x000002301065d290
Event: 2471.794 Thread 0x000002301065cc00 Thread exited: 0x000002301065cc00


Dynamic libraries:
0x00007ff619a60000 - 0x00007ff619a6e000 	c:\Users\thang\.antigravity\extensions\redhat.java-1.54.0-win32-x64\jre\21.0.10-win32-x86_64\bin\java.exe
0x00007ffd95d80000 - 0x00007ffd95fe7000 	C:\WINDOWS\SYSTEM32\ntdll.dll
0x00007ffd95040000 - 0x00007ffd95109000 	C:\WINDOWS\System32\KERNEL32.DLL
0x00007ffd92b40000 - 0x00007ffd92f34000 	C:\WINDOWS\System32\KERNELBASE.dll
0x00007ffd930c0000 - 0x00007ffd9320b000 	C:\WINDOWS\System32\ucrtbase.dll
0x00007ffd7adb0000 - 0x00007ffd7adc8000 	c:\Users\thang\.antigravity\extensions\redhat.java-1.54.0-win32-x64\jre\21.0.10-win32-x86_64\bin\jli.dll
0x00007ffd7c870000 - 0x00007ffd7c88e000 	c:\Users\thang\.antigravity\extensions\redhat.java-1.54.0-win32-x64\jre\21.0.10-win32-x86_64\bin\VCRUNTIME140.dll
0x00007ffd93fe0000 - 0x00007ffd941a5000 	C:\WINDOWS\System32\USER32.dll
0x00007ffd92830000 - 0x00007ffd92857000 	C:\WINDOWS\System32\win32u.dll
0x00007ffd71d90000 - 0x00007ffd72023000 	C:\WINDOWS\WinSxS\amd64_microsoft.windows.common-controls_6595b64144ccf1df_6.0.26100.8115_none_3e075c82e3354f9c\COMCTL32.dll
0x00007ffd954b0000 - 0x00007ffd954db000 	C:\WINDOWS\System32\GDI32.dll
0x00007ffd952e0000 - 0x00007ffd95389000 	C:\WINDOWS\System32\msvcrt.dll
0x00007ffd92700000 - 0x00007ffd9282b000 	C:\WINDOWS\System32\gdi32full.dll
0x00007ffd92a90000 - 0x00007ffd92b33000 	C:\WINDOWS\System32\msvcp_win.dll
0x00007ffd94260000 - 0x00007ffd94292000 	C:\WINDOWS\System32\IMM32.DLL
0x00007ffd81f40000 - 0x00007ffd81f4c000 	c:\Users\thang\.antigravity\extensions\redhat.java-1.54.0-win32-x64\jre\21.0.10-win32-x86_64\bin\vcruntime140_1.dll
0x00007ffd6a800000 - 0x00007ffd6a88d000 	c:\Users\thang\.antigravity\extensions\redhat.java-1.54.0-win32-x64\jre\21.0.10-win32-x86_64\bin\msvcp140.dll
0x00007ffcc2af0000 - 0x00007ffcc3891000 	c:\Users\thang\.antigravity\extensions\redhat.java-1.54.0-win32-x64\jre\21.0.10-win32-x86_64\bin\server\jvm.dll
0x00007ffd95990000 - 0x00007ffd95a46000 	C:\WINDOWS\System32\ADVAPI32.dll
0x00007ffd941b0000 - 0x00007ffd94257000 	C:\WINDOWS\System32\sechost.dll
0x00007ffd95390000 - 0x00007ffd954a8000 	C:\WINDOWS\System32\RPCRT4.dll
0x00007ffd94bf0000 - 0x00007ffd94c70000 	C:\WINDOWS\System32\WS2_32.dll
0x00007ffd924d0000 - 0x00007ffd9252e000 	C:\WINDOWS\SYSTEM32\POWRPROF.dll
0x00007ffd74e40000 - 0x00007ffd74e76000 	C:\WINDOWS\SYSTEM32\WINMM.dll
0x00007ffd8a3b0000 - 0x00007ffd8a3bb000 	C:\WINDOWS\SYSTEM32\VERSION.dll
0x00007ffd924b0000 - 0x00007ffd924c4000 	C:\WINDOWS\SYSTEM32\UMPDC.dll
0x00007ffd913b0000 - 0x00007ffd913cb000 	C:\WINDOWS\SYSTEM32\kernel.appcore.dll
0x00007ffd7b0d0000 - 0x00007ffd7b0da000 	c:\Users\thang\.antigravity\extensions\redhat.java-1.54.0-win32-x64\jre\21.0.10-win32-x86_64\bin\jimage.dll
0x00007ffd82510000 - 0x00007ffd82752000 	C:\WINDOWS\SYSTEM32\DBGHELP.DLL
0x00007ffd95600000 - 0x00007ffd95982000 	C:\WINDOWS\System32\combase.dll
0x00007ffd94d40000 - 0x00007ffd94e18000 	C:\WINDOWS\System32\OLEAUT32.dll
0x00007ffd7e400000 - 0x00007ffd7e43b000 	C:\WINDOWS\SYSTEM32\dbgcore.DLL
0x00007ffd92650000 - 0x00007ffd926f5000 	C:\WINDOWS\System32\bcryptPrimitives.dll
0x00007ffd7a790000 - 0x00007ffd7a79f000 	c:\Users\thang\.antigravity\extensions\redhat.java-1.54.0-win32-x64\jre\21.0.10-win32-x86_64\bin\instrument.dll
0x00007ffd7a770000 - 0x00007ffd7a790000 	c:\Users\thang\.antigravity\extensions\redhat.java-1.54.0-win32-x64\jre\21.0.10-win32-x86_64\bin\java.dll
0x00007ffd942a0000 - 0x00007ffd94a07000 	C:\WINDOWS\System32\SHELL32.dll
0x00007ffd92860000 - 0x00007ffd929ca000 	C:\WINDOWS\System32\wintypes.dll
0x00007ffd93210000 - 0x00007ffd93a78000 	C:\WINDOWS\System32\windows.storage.dll
0x00007ffd95bc0000 - 0x00007ffd95cb8000 	C:\WINDOWS\System32\SHCORE.dll
0x00007ffd95cd0000 - 0x00007ffd95d36000 	C:\WINDOWS\System32\shlwapi.dll
0x00007ffd92570000 - 0x00007ffd92599000 	C:\WINDOWS\SYSTEM32\profapi.dll
0x00007ffd7a720000 - 0x00007ffd7a738000 	c:\Users\thang\.antigravity\extensions\redhat.java-1.54.0-win32-x64\jre\21.0.10-win32-x86_64\bin\zip.dll
0x00007ffd7a760000 - 0x00007ffd7a770000 	C:\Users\thang\.antigravity\extensions\redhat.java-1.54.0-win32-x64\jre\21.0.10-win32-x86_64\bin\net.dll
0x00007ffd8cc80000 - 0x00007ffd8cdad000 	C:\WINDOWS\SYSTEM32\WINHTTP.dll
0x00007ffd91930000 - 0x00007ffd9199c000 	C:\WINDOWS\system32\mswsock.dll
0x00007ffd79b40000 - 0x00007ffd79b56000 	C:\Users\thang\.antigravity\extensions\redhat.java-1.54.0-win32-x64\jre\21.0.10-win32-x86_64\bin\nio.dll
0x00007ffd79bf0000 - 0x00007ffd79c00000 	c:\Users\thang\.antigravity\extensions\redhat.java-1.54.0-win32-x64\jre\21.0.10-win32-x86_64\bin\verify.dll
0x00007ffd64d90000 - 0x00007ffd64dd5000 	C:\Users\thang\AppData\Roaming\Antigravity\User\globalStorage\redhat.java\1.54.0\config_win\org.eclipse.equinox.launcher\org.eclipse.equinox.launcher.win32.win32.x86_64_1.3.0.v20260203-2149\eclipse_11919.dll
0x00007ffd94ea0000 - 0x00007ffd95037000 	C:\WINDOWS\System32\ole32.dll
0x00007ffd91c30000 - 0x00007ffd91c4b000 	C:\WINDOWS\SYSTEM32\CRYPTSP.dll
0x00007ffd91310000 - 0x00007ffd91349000 	C:\WINDOWS\system32\rsaenh.dll
0x00007ffd91a00000 - 0x00007ffd91a33000 	C:\WINDOWS\SYSTEM32\USERENV.dll
0x00007ffd92540000 - 0x00007ffd9256a000 	C:\WINDOWS\SYSTEM32\bcrypt.dll
0x00007ffd91c50000 - 0x00007ffd91c5c000 	C:\WINDOWS\SYSTEM32\CRYPTBASE.dll
0x00007ffd90d80000 - 0x00007ffd90db2000 	C:\WINDOWS\SYSTEM32\IPHLPAPI.DLL
0x00007ffd95bb0000 - 0x00007ffd95bba000 	C:\WINDOWS\System32\NSI.dll
0x00007ffd64c50000 - 0x00007ffd64c99000 	C:\Users\thang\AppData\Local\Temp\jna-110323430\jna2476758247913739245.dll
0x00007ffd95cc0000 - 0x00007ffd95cc8000 	C:\WINDOWS\System32\PSAPI.DLL
0x00007ffd8d0f0000 - 0x00007ffd8d10d000 	C:\WINDOWS\SYSTEM32\dhcpcsvc6.DLL
0x00007ffd8d0c0000 - 0x00007ffd8d0e5000 	C:\WINDOWS\SYSTEM32\dhcpcsvc.DLL

JVMTI agents:
c:\Users\thang\.antigravity\extensions\redhat.java-1.54.0-win32-x64\lombok\lombok-1.18.39-4050.jar path:c:\Users\thang\.antigravity\extensions\redhat.java-1.54.0-win32-x64\jre\21.0.10-win32-x86_64\bin\instrument.dll, loaded, initialized, instrumentlib options:none

dbghelp: loaded successfully - version: 4.0.5 - missing functions: none
symbol engine: initialized successfully - sym options: 0x614 - pdb path: .;c:\Users\thang\.antigravity\extensions\redhat.java-1.54.0-win32-x64\jre\21.0.10-win32-x86_64\bin;C:\WINDOWS\SYSTEM32;C:\WINDOWS\WinSxS\amd64_microsoft.windows.common-controls_6595b64144ccf1df_6.0.26100.8115_none_3e075c82e3354f9c;c:\Users\thang\.antigravity\extensions\redhat.java-1.54.0-win32-x64\jre\21.0.10-win32-x86_64\bin\server;C:\Users\thang\AppData\Roaming\Antigravity\User\globalStorage\redhat.java\1.54.0\config_win\org.eclipse.equinox.launcher\org.eclipse.equinox.launcher.win32.win32.x86_64_1.3.0.v20260203-2149;C:\Users\thang\AppData\Local\Temp\jna-110323430

VM Arguments:
jvm_args: --add-modules=ALL-SYSTEM --add-opens=java.base/java.util=ALL-UNNAMED --add-opens=java.base/java.lang=ALL-UNNAMED --add-opens=java.base/sun.nio.fs=ALL-UNNAMED -Declipse.application=org.eclipse.jdt.ls.core.id1 -Dosgi.bundles.defaultStartLevel=4 -Declipse.product=org.eclipse.jdt.ls.core.product -Djava.import.generatesMetadataFilesAtProjectRoot=false -DDetectVMInstallationsJob.disabled=true -Dfile.encoding=utf8 -XX:+UseParallelGC -XX:GCTimeRatio=4 -XX:AdaptiveSizePolicyWeight=90 -Dsun.zip.disableMemoryMapping=true -Xmx2G -Xms100m -Xlog:disable -javaagent:c:\Users\thang\.antigravity\extensions\redhat.java-1.54.0-win32-x64\lombok\lombok-1.18.39-4050.jar -XX:+HeapDumpOnOutOfMemoryError -XX:HeapDumpPath=c:\Users\thang\AppData\Roaming\Antigravity\User\workspaceStorage\1aa29bd13b5d1e4f7ba43c468954d472\redhat.java -Daether.dependencyCollector.impl=bf 
java_command: c:\Users\thang\.antigravity\extensions\redhat.java-1.54.0-win32-x64\server\plugins\org.eclipse.equinox.launcher_1.7.100.v20251111-0406.jar -configuration c:\Users\thang\AppData\Roaming\Antigravity\User\globalStorage\redhat.java\1.54.0\config_win -data c:\Users\thang\AppData\Roaming\Antigravity\User\workspaceStorage\1aa29bd13b5d1e4f7ba43c468954d472\redhat.java\jdt_ws --pipe=\\.\pipe\lsp-3a730632c40871c928448acda93c8f82-sock
java_class_path (initial): c:\Users\thang\.antigravity\extensions\redhat.java-1.54.0-win32-x64\server\plugins\org.eclipse.equinox.launcher_1.7.100.v20251111-0406.jar
Launcher Type: SUN_STANDARD

[Global flags]
    uintx AdaptiveSizePolicyWeight                 = 90                                        {product} {command line}
     intx CICompilerCount                          = 12                                        {product} {ergonomic}
    uintx GCTimeRatio                              = 4                                         {product} {command line}
     bool HeapDumpOnOutOfMemoryError               = true                                   {manageable} {command line}
    ccstr HeapDumpPath                             = c:\Users\thang\AppData\Roaming\Antigravity\User\workspaceStorage\1aa29bd13b5d1e4f7ba43c468954d472\redhat.java         {manageable} {command line}
   size_t InitialHeapSize                          = 104857600                                 {product} {command line}
   size_t MaxHeapSize                              = 2147483648                                {product} {command line}
   size_t MaxNewSize                               = 715653120                                 {product} {ergonomic}
   size_t MinHeapDeltaBytes                        = 524288                                    {product} {ergonomic}
   size_t MinHeapSize                              = 104857600                                 {product} {command line}
   size_t NewSize                                  = 34603008                                  {product} {ergonomic}
    uintx NonNMethodCodeHeapSize                   = 7602480                                {pd product} {ergonomic}
    uintx NonProfiledCodeHeapSize                  = 122027880                              {pd product} {ergonomic}
   size_t OldSize                                  = 70254592                                  {product} {ergonomic}
    uintx ProfiledCodeHeapSize                     = 122027880                              {pd product} {ergonomic}
    uintx ReservedCodeCacheSize                    = 251658240                              {pd product} {ergonomic}
     bool SegmentedCodeCache                       = true                                      {product} {ergonomic}
   size_t SoftMaxHeapSize                          = 2147483648                             {manageable} {ergonomic}
     bool UseCompressedOops                        = true                           {product lp64_product} {ergonomic}
     bool UseLargePagesIndividualAllocation        = false                                  {pd product} {ergonomic}
     bool UseParallelGC                            = true                                      {product} {command line}

Logging:
Log output configuration:
 #0: stdout all=off uptime,level,tags foldmultilines=false
 #1: stderr all=off uptime,level,tags foldmultilines=false

Release file:
JAVA_VERSION="21.0.10" 
MODULES="java.base java.compiler java.datatransfer java.xml java.prefs java.desktop java.instrument java.logging java.management java.security.sasl java.naming java.rmi java.management.rmi java.net.http java.scripting java.security.jgss java.transaction.xa java.sql java.sql.rowset java.xml.crypto java.se java.smartcardio jdk.accessibility jdk.internal.jvmstat jdk.attach jdk.charsets jdk.internal.opt jdk.zipfs jdk.compiler jdk.crypto.ec jdk.crypto.cryptoki jdk.crypto.mscapi jdk.dynalink jdk.internal.ed jdk.editpad jdk.hotspot.agent jdk.httpserver jdk.internal.le jdk.internal.vm.ci jdk.internal.vm.compiler jdk.internal.vm.compiler.management jdk.jartool jdk.javadoc jdk.jcmd jdk.management jdk.management.agent jdk.jconsole jdk.jdeps jdk.jdwp.agent jdk.jdi jdk.jfr jdk.jshell jdk.jsobject jdk.jstatd jdk.localedata jdk.management.jfr jdk.naming.dns jdk.naming.rmi jdk.net jdk.nio.mapmode jdk.random jdk.sctp jdk.security.auth jdk.security.jgss jdk.unsupported jdk.unsupported.desktop jdk.xml.dom" 

Environment Variables:
JAVA_HOME=C:\Program Files\Java\jdk-23
PATH=C:\Program Files\Common Files\Oracle\Java\javapath;C:\WINDOWS\system32;C:\WINDOWS;C:\WINDOWS\System32\Wbem;C:\WINDOWS\System32\WindowsPowerShell\v1.0\;C:\WINDOWS\System32\OpenSSH\;C:\Program Files\MongoDB\Server\6.0\bin\mongod.cfg;C:\Program Files\MongoDB\Tools\100\bin;C:\Program Files (x86)\Microsoft SQL Server\160\Tools\Binn\;C:\Program Files\Microsoft SQL Server\160\Tools\Binn\;C:\Program Files\Microsoft SQL Server\Client SDK\ODBC\170\Tools\Binn\;C:\Program Files\Microsoft SQL Server\160\DTS\Binn\;C:\Program Files\Java\jdk-23\bin;C:\Program Files (x86)\Microsoft SQL Server\160\DTS\Binn\;C:\Program Files\Cloudflare\Cloudflare WARP\;C:\Program Files\nodejs\;C:\Program Files\Git\cmd;C:\Program Files\Docker\Docker\resources\bin;C:\Program Files\Graphviz\bin;C:\Program Files\Microsoft SQL Server\150\Tools\Binn\;C:\Program Files\dotnet\;C:\Users\thang\Anaconda3;C:\Users\thang\Anaconda3\Library\mingw-w64\bin;C:\Users\thang\Anaconda3\Library\usr\bin;C:\Users\thang\Anaconda3\Library\bin;C:\Users\thang\Anaconda3\Scripts;C:\Users\thang\AppData\Local\Programs\Python\Python312\Scripts\;C:\Users\thang\AppData\Local\Programs\Python\Python312\;C:\Users\thang\AppData\Local\Programs\Python\Launcher\;C:\Users\thang\AppData\Local\Microsoft\WindowsApps;C:\Users\thang\AppData\Local\Programs\Microsoft VS Code\bin;C:\Users\thang\AppData\Local\Programs\mongosh\;C:\Users\thang\AppData\Roaming\npm;C:\Users\thang\.dotnet\tools;C:\Users\thang\AppData\Local\Programs\Antigravity\bin
USERNAME=thang
OS=Windows_NT
PROCESSOR_IDENTIFIER=Intel64 Family 6 Model 170 Stepping 4, GenuineIntel
TMP=C:\Users\thang\AppData\Local\Temp
TEMP=C:\Users\thang\AppData\Local\Temp




Periodic native trim disabled

---------------  S Y S T E M  ---------------

OS:
 Windows 11 , 64 bit Build 26100 (10.0.26100.8246)
OS uptime: 3 days 2:31 hours
Hyper-V role detected

CPU: total 18 (initial active 18) (9 cores per cpu, 2 threads per core) family 6 model 170 stepping 4 microcode 0x1c, cx8, cmov, fxsr, ht, mmx, 3dnowpref, sse, sse2, sse3, ssse3, sse4.1, sse4.2, popcnt, lzcnt, tsc, tscinvbit, avx, avx2, aes, erms, clmul, bmi1, bmi2, adx, sha, fma, vzeroupper, clflush, clflushopt, clwb, hv, serialize, rdtscp, rdpid, fsrm, f16c, cet_ibt, cet_ss
Processor Information for processor 0
  Max Mhz: 1200, Current Mhz: 1200, Mhz Limit: 1200
Processor Information for processor 1
  Max Mhz: 1200, Current Mhz: 1200, Mhz Limit: 1200
Processor Information for processor 2
  Max Mhz: 3600, Current Mhz: 700, Mhz Limit: 684
Processor Information for processor 3
  Max Mhz: 3600, Current Mhz: 700, Mhz Limit: 684
Processor Information for processor 4
  Max Mhz: 3600, Current Mhz: 700, Mhz Limit: 684
Processor Information for processor 5
  Max Mhz: 3600, Current Mhz: 700, Mhz Limit: 684
Processor Information for processor 6
  Max Mhz: 3600, Current Mhz: 700, Mhz Limit: 684
Processor Information for processor 7
  Max Mhz: 3600, Current Mhz: 700, Mhz Limit: 684
Processor Information for processor 8
  Max Mhz: 3600, Current Mhz: 700, Mhz Limit: 684
Processor Information for processor 9
  Max Mhz: 3600, Current Mhz: 700, Mhz Limit: 684
Processor Information for processor 10
  Max Mhz: 1200, Current Mhz: 1200, Mhz Limit: 1200
Processor Information for processor 11
  Max Mhz: 1200, Current Mhz: 1200, Mhz Limit: 1200
Processor Information for processor 12
  Max Mhz: 1200, Current Mhz: 1200, Mhz Limit: 1200
Processor Information for processor 13
  Max Mhz: 1200, Current Mhz: 1200, Mhz Limit: 1200
Processor Information for processor 14
  Max Mhz: 1200, Current Mhz: 1200, Mhz Limit: 1200
Processor Information for processor 15
  Max Mhz: 1200, Current Mhz: 1200, Mhz Limit: 1200
Processor Information for processor 16
  Max Mhz: 2500, Current Mhz: 700, Mhz Limit: 700
Processor Information for processor 17
  Max Mhz: 2500, Current Mhz: 700, Mhz Limit: 700

Memory: 4k page, system-wide physical 15743M (607M free)
TotalPageFile size 57512M (AvailPageFile size 114M)
current process WorkingSet (physical memory assigned to process): 20M, peak: 668M
current process commit charge ("private bytes"): 750M, peak: 765M

vm_info: OpenJDK 64-Bit Server VM (21.0.10+7-LTS) for windows-amd64 JRE (21.0.10+7-LTS), built on 2026-01-20T00:00:00Z by "admin" with MS VC++ 17.12 (VS2022)

END.
